<?xml version="1.0" encoding="UTF-8"?>
<testng-results skipped="1" failed="0" total="6" passed="5">
  <reporter-output>
  </reporter-output>
  <suite name="Suite" duration-ms="153621" started-at="2019-07-06T12:05:33Z" finished-at="2019-07-06T12:08:07Z">
    <groups>
    </groups>
    <test name="Test" duration-ms="153621" started-at="2019-07-06T12:05:33Z" finished-at="2019-07-06T12:08:07Z">
      <class name="com.onlinestore.qa.testcases.SignInTest">
        <test-method status="PASS" signature="setUp()[pri:0, instance:com.onlinestore.qa.testcases.SignInTest@26aa12dd]" name="setUp" is-config="true" duration-ms="16500" started-at="2019-07-06T17:37:20Z" finished-at="2019-07-06T17:37:37Z">
          <reporter-output>
          </reporter-output>
        </test-method> <!-- setUp -->
        <test-method status="PASS" signature="validateLoginTest()[pri:0, instance:com.onlinestore.qa.testcases.SignInTest@26aa12dd]" name="validateLoginTest" duration-ms="2711" started-at="2019-07-06T17:37:37Z" description="Verify Login scenario with valid credentials" finished-at="2019-07-06T17:37:39Z">
          <reporter-output>
          </reporter-output>
        </test-method> <!-- validateLoginTest -->
        <test-method status="PASS" signature="tearDown()[pri:0, instance:com.onlinestore.qa.testcases.SignInTest@26aa12dd]" name="tearDown" is-config="true" duration-ms="158" started-at="2019-07-06T17:37:39Z" finished-at="2019-07-06T17:37:40Z">
          <reporter-output>
          </reporter-output>
        </test-method> <!-- tearDown -->
        <test-method status="PASS" signature="setUp()[pri:0, instance:com.onlinestore.qa.testcases.SignInTest@26aa12dd]" name="setUp" is-config="true" duration-ms="23373" started-at="2019-07-06T17:37:40Z" finished-at="2019-07-06T17:38:03Z">
          <reporter-output>
          </reporter-output>
        </test-method> <!-- setUp -->
        <test-method status="PASS" signature="verifyInvalidLogin()[pri:0, instance:com.onlinestore.qa.testcases.SignInTest@26aa12dd]" name="verifyInvalidLogin" duration-ms="3925" started-at="2019-07-06T17:38:03Z" description="Verify Login scenario with invalid credentials" finished-at="2019-07-06T17:38:07Z">
          <reporter-output>
          </reporter-output>
        </test-method> <!-- verifyInvalidLogin -->
        <test-method status="PASS" signature="tearDown()[pri:0, instance:com.onlinestore.qa.testcases.SignInTest@26aa12dd]" name="tearDown" is-config="true" duration-ms="126" started-at="2019-07-06T17:38:07Z" finished-at="2019-07-06T17:38:07Z">
          <reporter-output>
          </reporter-output>
        </test-method> <!-- tearDown -->
      </class> <!-- com.onlinestore.qa.testcases.SignInTest -->
      <class name="com.onlinestore.qa.testcases.HomePageTest">
        <test-method status="PASS" signature="setUp()[pri:0, instance:com.onlinestore.qa.testcases.HomePageTest@5a8806ef]" name="setUp" is-config="true" duration-ms="16473" started-at="2019-07-06T17:36:26Z" finished-at="2019-07-06T17:36:42Z">
          <reporter-output>
          </reporter-output>
        </test-method> <!-- setUp -->
        <test-method status="PASS" signature="verifyHomePageTitle()[pri:0, instance:com.onlinestore.qa.testcases.HomePageTest@5a8806ef]" name="verifyHomePageTitle" duration-ms="48" started-at="2019-07-06T17:36:42Z" description=" Verification of Titleis matched or not " finished-at="2019-07-06T17:36:42Z">
          <reporter-output>
          </reporter-output>
        </test-method> <!-- verifyHomePageTitle -->
        <test-method status="PASS" signature="tearDown()[pri:0, instance:com.onlinestore.qa.testcases.HomePageTest@5a8806ef]" name="tearDown" is-config="true" duration-ms="2356" started-at="2019-07-06T17:36:42Z" finished-at="2019-07-06T17:36:45Z">
          <reporter-output>
          </reporter-output>
        </test-method> <!-- tearDown -->
        <test-method status="PASS" signature="setUp()[pri:0, instance:com.onlinestore.qa.testcases.HomePageTest@5a8806ef]" name="setUp" is-config="true" duration-ms="17912" started-at="2019-07-06T17:36:45Z" finished-at="2019-07-06T17:37:02Z">
          <reporter-output>
          </reporter-output>
        </test-method> <!-- setUp -->
        <test-method status="PASS" signature="verifyHomePageLogo()[pri:0, instance:com.onlinestore.qa.testcases.HomePageTest@5a8806ef]" name="verifyHomePageLogo" duration-ms="148" started-at="2019-07-06T17:37:02Z" description=" Verification of Logo is present or not " finished-at="2019-07-06T17:37:03Z">
          <reporter-output>
          </reporter-output>
        </test-method> <!-- verifyHomePageLogo -->
        <test-method status="PASS" signature="tearDown()[pri:0, instance:com.onlinestore.qa.testcases.HomePageTest@5a8806ef]" name="tearDown" is-config="true" duration-ms="2171" started-at="2019-07-06T17:37:03Z" finished-at="2019-07-06T17:37:05Z">
          <reporter-output>
          </reporter-output>
        </test-method> <!-- tearDown -->
        <test-method status="PASS" signature="setUp()[pri:0, instance:com.onlinestore.qa.testcases.HomePageTest@5a8806ef]" name="setUp" is-config="true" duration-ms="12077" started-at="2019-07-06T17:37:05Z" finished-at="2019-07-06T17:37:17Z">
          <reporter-output>
          </reporter-output>
        </test-method> <!-- setUp -->
        <test-method status="PASS" signature="signIn()[pri:0, instance:com.onlinestore.qa.testcases.HomePageTest@5a8806ef]" name="signIn" duration-ms="3106" started-at="2019-07-06T17:37:17Z" description=" Verification of Logo is present or not " finished-at="2019-07-06T17:37:20Z">
          <reporter-output>
          </reporter-output>
        </test-method> <!-- signIn -->
        <test-method status="PASS" signature="tearDown()[pri:0, instance:com.onlinestore.qa.testcases.HomePageTest@5a8806ef]" name="tearDown" is-config="true" duration-ms="270" started-at="2019-07-06T17:37:20Z" finished-at="2019-07-06T17:37:20Z">
          <reporter-output>
          </reporter-output>
        </test-method> <!-- tearDown -->
      </class> <!-- com.onlinestore.qa.testcases.HomePageTest -->
      <class name="com.onlinestore.qa.testcases.CreateAccountPageTest">
        <test-method status="FAIL" signature="setup()[pri:0, instance:com.onlinestore.qa.testcases.CreateAccountPageTest@3fd7a715]" name="setup" is-config="true" duration-ms="0" started-at="2019-07-06T17:35:33Z" finished-at="2019-07-06T17:35:33Z">
          <exception class="org.openqa.selenium.NoSuchElementException">
            <message>
              <![CDATA[no such element: Unable to locate element: {"method":"id","selector":"email_create"}
  (Session info: chrome=75.0.3770.100)
  (Driver info: chromedriver=72.0.3626.69 (3c16f8a135abc0d4da2dff33804db79b849a7c38),platform=Windows NT 10.0.17134 x86_64) (WARNING: The server did not provide any stacktrace information)
Command duration or timeout: 0 milliseconds
For documentation on this error, please visit: https://www.seleniumhq.org/exceptions/no_such_element.html
Build info: version: '3.141.59', revision: 'e82be7d358', time: '2018-11-14T08:17:03'
System info: host: 'DESKTOP-IHESOA0', ip: '192.168.100.5', os.name: 'Windows 10', os.arch: 'amd64', os.version: '10.0', java.version: '1.8.0_121'
Driver info: org.openqa.selenium.chrome.ChromeDriver
Capabilities {acceptInsecureCerts: false, acceptSslCerts: false, applicationCacheEnabled: false, browserConnectionEnabled: false, browserName: chrome, chrome: {chromedriverVersion: 72.0.3626.69 (3c16f8a135abc..., userDataDir: C:\Users\Dell\AppData\Local...}, cssSelectorsEnabled: true, databaseEnabled: false, goog:chromeOptions: {debuggerAddress: localhost:57691}, handlesAlerts: true, hasTouchScreen: false, javascriptEnabled: true, locationContextEnabled: true, mobileEmulationEnabled: false, nativeEvents: true, networkConnectionEnabled: false, pageLoadStrategy: normal, platform: XP, platformName: XP, proxy: Proxy(), rotatable: false, setWindowRect: true, takesHeapSnapshot: true, takesScreenshot: true, timeouts: {implicit: 0, pageLoad: 300000, script: 30000}, unexpectedAlertBehaviour: ignore, unhandledPromptBehavior: ignore, version: 75.0.3770.100, webStorageEnabled: true}
Session ID: 01320e3d07bf8d0194fe6fd4920cc475
*** Element info: {Using=id, value=email_create}]]>
            </message>
            <full-stacktrace>
              <![CDATA[org.openqa.selenium.NoSuchElementException: no such element: Unable to locate element: {"method":"id","selector":"email_create"}
  (Session info: chrome=75.0.3770.100)
  (Driver info: chromedriver=72.0.3626.69 (3c16f8a135abc0d4da2dff33804db79b849a7c38),platform=Windows NT 10.0.17134 x86_64) (WARNING: The server did not provide any stacktrace information)
Command duration or timeout: 0 milliseconds
For documentation on this error, please visit: https://www.seleniumhq.org/exceptions/no_such_element.html
Build info: version: '3.141.59', revision: 'e82be7d358', time: '2018-11-14T08:17:03'
System info: host: 'DESKTOP-IHESOA0', ip: '192.168.100.5', os.name: 'Windows 10', os.arch: 'amd64', os.version: '10.0', java.version: '1.8.0_121'
Driver info: org.openqa.selenium.chrome.ChromeDriver
Capabilities {acceptInsecureCerts: false, acceptSslCerts: false, applicationCacheEnabled: false, browserConnectionEnabled: false, browserName: chrome, chrome: {chromedriverVersion: 72.0.3626.69 (3c16f8a135abc..., userDataDir: C:\Users\Dell\AppData\Local...}, cssSelectorsEnabled: true, databaseEnabled: false, goog:chromeOptions: {debuggerAddress: localhost:57691}, handlesAlerts: true, hasTouchScreen: false, javascriptEnabled: true, locationContextEnabled: true, mobileEmulationEnabled: false, nativeEvents: true, networkConnectionEnabled: false, pageLoadStrategy: normal, platform: XP, platformName: XP, proxy: Proxy(), rotatable: false, setWindowRect: true, takesHeapSnapshot: true, takesScreenshot: true, timeouts: {implicit: 0, pageLoad: 300000, script: 30000}, unexpectedAlertBehaviour: ignore, unhandledPromptBehavior: ignore, version: 75.0.3770.100, webStorageEnabled: true}
Session ID: 01320e3d07bf8d0194fe6fd4920cc475
*** Element info: {Using=id, value=email_create}
	at sun.reflect.NativeConstructorAccessorImpl.newInstance0(Native Method)
	at sun.reflect.NativeConstructorAccessorImpl.newInstance(NativeConstructorAccessorImpl.java:62)
	at sun.reflect.DelegatingConstructorAccessorImpl.newInstance(DelegatingConstructorAccessorImpl.java:45)
	at java.lang.reflect.Constructor.newInstance(Constructor.java:423)
	at org.openqa.selenium.remote.ErrorHandler.createThrowable(ErrorHandler.java:214)
	at org.openqa.selenium.remote.ErrorHandler.throwIfResponseFailed(ErrorHandler.java:166)
	at org.openqa.selenium.remote.http.JsonHttpResponseCodec.reconstructValue(JsonHttpResponseCodec.java:40)
	at org.openqa.selenium.remote.http.AbstractHttpResponseCodec.decode(AbstractHttpResponseCodec.java:80)
	at org.openqa.selenium.remote.http.AbstractHttpResponseCodec.decode(AbstractHttpResponseCodec.java:44)
	at org.openqa.selenium.remote.HttpCommandExecutor.execute(HttpCommandExecutor.java:158)
	at org.openqa.selenium.remote.service.DriverCommandExecutor.execute(DriverCommandExecutor.java:83)
	at org.openqa.selenium.remote.RemoteWebDriver.execute(RemoteWebDriver.java:552)
	at org.openqa.selenium.remote.RemoteWebDriver.findElement(RemoteWebDriver.java:323)
	at org.openqa.selenium.remote.RemoteWebDriver.findElementById(RemoteWebDriver.java:372)
	at org.openqa.selenium.By$ById.findElement(By.java:188)
	at org.openqa.selenium.remote.RemoteWebDriver.findElement(RemoteWebDriver.java:315)
	at org.openqa.selenium.support.pagefactory.DefaultElementLocator.findElement(DefaultElementLocator.java:69)
	at org.openqa.selenium.support.pagefactory.internal.LocatingElementHandler.invoke(LocatingElementHandler.java:38)
	at com.sun.proxy.$Proxy9.sendKeys(Unknown Source)
	at com.onlinestore.qa.pages.SignIn.enterEmailforNewAccCreation(SignIn.java:71)
	at com.onlinestore.qa.testcases.CreateAccountPageTest.setup(CreateAccountPageTest.java:33)
	at sun.reflect.NativeMethodAccessorImpl.invoke0(Native Method)
	at sun.reflect.NativeMethodAccessorImpl.invoke(NativeMethodAccessorImpl.java:62)
	at sun.reflect.DelegatingMethodAccessorImpl.invoke(DelegatingMethodAccessorImpl.java:43)
	at java.lang.reflect.Method.invoke(Method.java:498)
	at org.testng.internal.MethodInvocationHelper.invokeMethod(MethodInvocationHelper.java:80)
	at org.testng.internal.Invoker.invokeConfigurationMethod(Invoker.java:564)
	at org.testng.internal.Invoker.invokeConfigurations(Invoker.java:213)
	at org.testng.internal.Invoker.invokeMethod(Invoker.java:653)
	at org.testng.internal.Invoker.invokeTestMethod(Invoker.java:901)
	at org.testng.internal.Invoker.invokeTestMethods(Invoker.java:1231)
	at org.testng.internal.TestMethodWorker.invokeTestMethods(TestMethodWorker.java:127)
	at org.testng.internal.TestMethodWorker.run(TestMethodWorker.java:111)
	at org.testng.TestRunner.privateRun(TestRunner.java:767)
	at org.testng.TestRunner.run(TestRunner.java:617)
	at org.testng.SuiteRunner.runTest(SuiteRunner.java:334)
	at org.testng.SuiteRunner.runSequentially(SuiteRunner.java:329)
	at org.testng.SuiteRunner.privateRun(SuiteRunner.java:291)
	at org.testng.SuiteRunner.run(SuiteRunner.java:240)
	at org.testng.SuiteRunnerWorker.runSuite(SuiteRunnerWorker.java:52)
	at org.testng.SuiteRunnerWorker.run(SuiteRunnerWorker.java:86)
	at org.testng.TestNG.runSuitesSequentially(TestNG.java:1198)
	at org.testng.TestNG.runSuitesLocally(TestNG.java:1123)
	at org.testng.TestNG.run(TestNG.java:1031)
	at org.testng.remote.AbstractRemoteTestNG.run(AbstractRemoteTestNG.java:115)
	at org.testng.remote.RemoteTestNG.initAndRun(RemoteTestNG.java:251)
	at org.testng.remote.RemoteTestNG.main(RemoteTestNG.java:77)
]]>
            </full-stacktrace>
          </exception> <!-- org.openqa.selenium.NoSuchElementException -->
          <reporter-output>
          </reporter-output>
        </test-method> <!-- setup -->
        <test-method status="SKIP" signature="createNewUserAccount()[pri:0, instance:com.onlinestore.qa.testcases.CreateAccountPageTest@3fd7a715]" name="createNewUserAccount" duration-ms="5" started-at="2019-07-06T17:36:26Z" finished-at="2019-07-06T17:36:26Z">
          <reporter-output>
          </reporter-output>
        </test-method> <!-- createNewUserAccount -->
      </class> <!-- com.onlinestore.qa.testcases.CreateAccountPageTest -->
    </test> <!-- Test -->
  </suite> <!-- Suite -->
</testng-results>
